<?xml version="1.0" encoding="UTF-8"?>
<!-- Generated by org.testng.reporters.JUnitXMLReporter -->
<testsuite hostname="DESKTOP-R0QK2O8" ignored="0" name="All Tests" tests="1" failures="1" timestamp="31 Mar 2019 05:56:14 GMT" time="16.945" errors="0">
  <testcase name="verifyLoginToMercuryTravelAsUserWithCorrectCredentials" time="4.052" classname="com.mercuryTravel.tests.HomePageTests">
    <failure type="java.lang.AssertionError" message="expected [Welcome, Saurabh 1] but found [Welcome, Saurabh]">
      <![CDATA[java.lang.AssertionError: expected [Welcome, Saurabh 1] but found [Welcome, Saurabh]
at com.mercuryTravel.tests.HomePageTests.verifyLoginToMercuryTravelAsUserWithCorrectCredentials(HomePageTests.java:26)
... Removed 31 stack frames]]>
    </failure>
  </testcase> <!-- verifyLoginToMercuryTravelAsUserWithCorrectCredentials -->
</testsuite> <!-- All Tests -->
