<?xml version="1.0" encoding="UTF-8"?>
<testng-results skipped="0" failed="1" ignored="0" total="1" passed="0">
  <reporter-output>
  </reporter-output>
  <suite name="HomePage" duration-ms="16945" started-at="2019-03-31T05:55:57Z" finished-at="2019-03-31T05:56:14Z">
    <groups>
    </groups>
    <test name="All Tests" duration-ms="16945" started-at="2019-03-31T05:55:57Z" finished-at="2019-03-31T05:56:14Z">
      <class name="com.mercuryTravel.tests.HomePageTests">
        <test-method status="PASS" signature="preSetup()[pri:0, instance:com.mercuryTravel.tests.HomePageTests@66a3ffec]" name="preSetup" is-config="true" duration-ms="429" started-at="2019-03-31T05:55:57Z" finished-at="2019-03-31T05:55:57Z">
          <reporter-output>
          </reporter-output>
        </test-method> <!-- preSetup -->
        <test-method status="PASS" signature="setup()[pri:0, instance:com.mercuryTravel.tests.HomePageTests@66a3ffec]" name="setup" is-config="true" duration-ms="10231" started-at="2019-03-31T05:55:57Z" finished-at="2019-03-31T05:56:07Z">
          <reporter-output>
          </reporter-output>
        </test-method> <!-- setup -->
        <test-method status="FAIL" signature="verifyLoginToMercuryTravelAsUserWithCorrectCredentials()[pri:0, instance:com.mercuryTravel.tests.HomePageTests@66a3ffec]" name="verifyLoginToMercuryTravelAsUserWithCorrectCredentials" duration-ms="4052" started-at="2019-03-31T05:56:07Z" finished-at="2019-03-31T05:56:11Z">
          <exception class="java.lang.AssertionError">
            <message>
              <![CDATA[expected [Welcome, Saurabh 1] but found [Welcome, Saurabh]]]>
            </message>
            <full-stacktrace>
              <![CDATA[java.lang.AssertionError: expected [Welcome, Saurabh 1] but found [Welcome, Saurabh]
at org.testng.Assert.fail(Assert.java:96)
at org.testng.Assert.failNotEquals(Assert.java:776)
at org.testng.Assert.assertEqualsImpl(Assert.java:137)
at org.testng.Assert.assertEquals(Assert.java:118)
at org.testng.Assert.assertEquals(Assert.java:453)
at org.testng.Assert.assertEquals(Assert.java:463)
at com.mercuryTravel.tests.HomePageTests.verifyLoginToMercuryTravelAsUserWithCorrectCredentials(HomePageTests.java:26)
at sun.reflect.NativeMethodAccessorImpl.invoke0(Native Method)
at sun.reflect.NativeMethodAccessorImpl.invoke(NativeMethodAccessorImpl.java:62)
at sun.reflect.DelegatingMethodAccessorImpl.invoke(DelegatingMethodAccessorImpl.java:43)
at java.lang.reflect.Method.invoke(Method.java:498)
at org.testng.internal.MethodInvocationHelper.invokeMethod(MethodInvocationHelper.java:124)
at org.testng.internal.Invoker.invokeMethod(Invoker.java:583)
at org.testng.internal.Invoker.invokeTestMethod(Invoker.java:719)
at org.testng.internal.Invoker.invokeTestMethods(Invoker.java:989)
at org.testng.internal.TestMethodWorker.invokeTestMethods(TestMethodWorker.java:125)
at org.testng.internal.TestMethodWorker.run(TestMethodWorker.java:109)
at org.testng.TestRunner.privateRun(TestRunner.java:648)
at org.testng.TestRunner.run(TestRunner.java:505)
at org.testng.SuiteRunner.runTest(SuiteRunner.java:455)
at org.testng.SuiteRunner.runSequentially(SuiteRunner.java:450)
at org.testng.SuiteRunner.privateRun(SuiteRunner.java:415)
at org.testng.SuiteRunner.run(SuiteRunner.java:364)
at org.testng.SuiteRunnerWorker.runSuite(SuiteRunnerWorker.java:52)
at org.testng.SuiteRunnerWorker.run(SuiteRunnerWorker.java:84)
at org.testng.TestNG.runSuitesSequentially(TestNG.java:1208)
at org.testng.TestNG.runSuitesLocally(TestNG.java:1137)
at org.testng.TestNG.runSuites(TestNG.java:1049)
at org.testng.TestNG.run(TestNG.java:1017)
at org.testng.remote.AbstractRemoteTestNG.run(AbstractRemoteTestNG.java:132)
at org.testng.remote.RemoteTestNG.initAndRun(RemoteTestNG.java:230)
at org.testng.remote.RemoteTestNG.main(RemoteTestNG.java:76)
]]>
            </full-stacktrace>
          </exception> <!-- java.lang.AssertionError -->
          <reporter-output>
          </reporter-output>
        </test-method> <!-- verifyLoginToMercuryTravelAsUserWithCorrectCredentials -->
        <test-method status="PASS" signature="afterAMethod(org.testng.ITestResult)[pri:0, instance:com.mercuryTravel.tests.HomePageTests@66a3ffec]" name="afterAMethod" is-config="true" duration-ms="1625" started-at="2019-03-31T05:56:11Z" finished-at="2019-03-31T05:56:13Z">
          <params>
            <param index="0">
              <value>
                <![CDATA[[TestResult name=verifyLoginToMercuryTravelAsUserWithCorrectCredentials status=FAILURE method=HomePageTests.verifyLoginToMercuryTravelAsUserWithCorrectCredentials()[pri:0, instance:com.mercuryTravel.tests.HomePageTests@66a3ffec] output={null}]]]>
              </value>
            </param>
          </params>
          <reporter-output>
          </reporter-output>
        </test-method> <!-- afterAMethod -->
        <test-method status="PASS" signature="cleanup()[pri:0, instance:com.mercuryTravel.tests.HomePageTests@66a3ffec]" name="cleanup" is-config="true" duration-ms="970" started-at="2019-03-31T05:56:13Z" finished-at="2019-03-31T05:56:14Z">
          <reporter-output>
          </reporter-output>
        </test-method> <!-- cleanup -->
        <test-method status="PASS" signature="postCleanup()[pri:0, instance:com.mercuryTravel.tests.HomePageTests@66a3ffec]" name="postCleanup" is-config="true" duration-ms="821" started-at="2019-03-31T05:56:14Z" finished-at="2019-03-31T05:56:15Z">
          <reporter-output>
          </reporter-output>
        </test-method> <!-- postCleanup -->
      </class> <!-- com.mercuryTravel.tests.HomePageTests -->
    </test> <!-- All Tests -->
  </suite> <!-- HomePage -->
</testng-results>
